<?xml version="1.0" encoding="UTF-8"?>
<testsuite name="uTest" tests="1" skipped="0" failures="1" errors="0" timestamp="2021-02-23T18:31:49" hostname="DESKTOP-JF9POI3" time="76.383">
  <properties/>
  <testcase name="Create a new user" classname="uTest" time="76.383">
    <failure message="net.thucydides.core.webdriver.exceptions.ElementShouldBeEnabledException: Expected enabled element was not enabled" type="net.thucydides.core.webdriver.exceptions.ElementShouldBeEnabledException">net.thucydides.core.webdriver.exceptions.ElementShouldBeEnabledException: Expected enabled element was not enabled
	at net.serenitybdd.core.pages.WebElementFacadeImpl.waitUntilEnabled(WebElementFacadeImpl.java:1149)
	at net.serenitybdd.core.pages.WebElementFacadeImpl.waitUntilElementAvailable(WebElementFacadeImpl.java:954)
	at net.serenitybdd.core.pages.WebElementFacadeImpl.click(WebElementFacadeImpl.java:1229)
	at net.serenitybdd.screenplay.actions.ClickOnTarget.performAs(ClickOnTarget.java:13)
	at net.serenitybdd.screenplay.actions.ClickOnTarget$ByteBuddy$aBV8FEWf.performAs$accessor$71S5WQhE(Unknown Source)
	at sun.reflect.NativeMethodAccessorImpl.invoke0(Native Method)
	at sun.reflect.NativeMethodAccessorImpl.invoke(NativeMethodAccessorImpl.java:62)
	at sun.reflect.DelegatingMethodAccessorImpl.invoke(DelegatingMethodAccessorImpl.java:43)
	at java.lang.reflect.Method.invoke(Method.java:498)
	at net.thucydides.core.steps.StepInterceptor.invokeMethod(StepInterceptor.java:471)
	at net.thucydides.core.steps.StepInterceptor.executeTestStepMethod(StepInterceptor.java:451)
	at net.thucydides.core.steps.StepInterceptor.runTestStep(StepInterceptor.java:424)
	at net.thucydides.core.steps.StepInterceptor.runOrSkipMethod(StepInterceptor.java:180)
	at net.thucydides.core.steps.StepInterceptor.testStepResult(StepInterceptor.java:167)
	at net.thucydides.core.steps.StepInterceptor.intercept(StepInterceptor.java:75)
	at net.serenitybdd.screenplay.actions.ClickOnTarget$ByteBuddy$aBV8FEWf.performAs(Unknown Source)
	at net.serenitybdd.screenplay.Actor.performTask(Actor.java:233)
	at net.serenitybdd.screenplay.Actor.perform(Actor.java:214)
	at net.serenitybdd.screenplay.Actor.attemptsTo(Actor.java:171)
	at co.com.choucair.certification.reto.tasks.Join.performAs(Join.java:34)
	at co.com.choucair.certification.reto.tasks.Join$ByteBuddy$EI5DEzE0.performAs$accessor$qcd6XLO6(Unknown Source)
	at sun.reflect.NativeMethodAccessorImpl.invoke0(Native Method)
	at sun.reflect.NativeMethodAccessorImpl.invoke(NativeMethodAccessorImpl.java:62)
	at sun.reflect.DelegatingMethodAccessorImpl.invoke(DelegatingMethodAccessorImpl.java:43)
	at java.lang.reflect.Method.invoke(Method.java:498)
	at net.thucydides.core.steps.StepInterceptor.invokeMethod(StepInterceptor.java:471)
	at net.thucydides.core.steps.StepInterceptor.executeTestStepMethod(StepInterceptor.java:451)
	at net.thucydides.core.steps.StepInterceptor.runTestStep(StepInterceptor.java:424)
	at net.thucydides.core.steps.StepInterceptor.runOrSkipMethod(StepInterceptor.java:180)
	at net.thucydides.core.steps.StepInterceptor.testStepResult(StepInterceptor.java:167)
	at net.thucydides.core.steps.StepInterceptor.intercept(StepInterceptor.java:75)
	at co.com.choucair.certification.reto.tasks.Join$ByteBuddy$EI5DEzE0.performAs(Unknown Source)
	at net.serenitybdd.screenplay.Actor.performTask(Actor.java:233)
	at net.serenitybdd.screenplay.Actor.perform(Actor.java:214)
	at net.serenitybdd.screenplay.Actor.attemptsTo(Actor.java:171)
	at co.com.choucair.certification.reto.stepdefinitions.StepDefinitions.heRegisterYourPersonalInformationAtTheUTest(StepDefinitions.java:30)
	at ✽.he register your personal information at the uTest(src/test/resources/features/uTest.feature:7)
Caused by: org.openqa.selenium.TimeoutException: Expected condition failed: waiting for By.xpath: //h1[contains(text(),'Welcome to the world's largest community of freelance software testers!')] to be enabled (tried for 5 second(s) with 100 milliseconds interval)
	at org.openqa.selenium.support.ui.FluentWait.timeoutException(FluentWait.java:304)
	at org.openqa.selenium.support.ui.FluentWait.until(FluentWait.java:272)
	at net.serenitybdd.core.pages.WebElementFacadeImpl.waitUntilEnabled(WebElementFacadeImpl.java:1146)
	at net.serenitybdd.core.pages.WebElementFacadeImpl.waitUntilElementAvailable(WebElementFacadeImpl.java:954)
	at net.serenitybdd.core.pages.WebElementFacadeImpl.click(WebElementFacadeImpl.java:1229)
	at net.serenitybdd.screenplay.actions.ClickOnTarget.performAs(ClickOnTarget.java:13)
	at net.serenitybdd.screenplay.actions.ClickOnTarget$ByteBuddy$aBV8FEWf.performAs$accessor$71S5WQhE(Unknown Source)
	at sun.reflect.NativeMethodAccessorImpl.invoke0(Native Method)
	at sun.reflect.NativeMethodAccessorImpl.invoke(NativeMethodAccessorImpl.java:62)
	at sun.reflect.DelegatingMethodAccessorImpl.invoke(DelegatingMethodAccessorImpl.java:43)
	at java.lang.reflect.Method.invoke(Method.java:498)
	at net.thucydides.core.steps.StepInterceptor.invokeMethod(StepInterceptor.java:471)
	at net.thucydides.core.steps.StepInterceptor.executeTestStepMethod(StepInterceptor.java:451)
	at net.thucydides.core.steps.StepInterceptor.runTestStep(StepInterceptor.java:424)
	at net.thucydides.core.steps.StepInterceptor.runOrSkipMethod(StepInterceptor.java:180)
	at net.thucydides.core.steps.StepInterceptor.testStepResult(StepInterceptor.java:167)
	at net.thucydides.core.steps.StepInterceptor.intercept(StepInterceptor.java:75)
	at net.serenitybdd.screenplay.actions.ClickOnTarget$ByteBuddy$aBV8FEWf.performAs(Unknown Source)
	at net.serenitybdd.screenplay.Actor.performTask(Actor.java:233)
	at net.serenitybdd.screenplay.Actor.perform(Actor.java:214)
	at net.serenitybdd.screenplay.Actor.attemptsTo(Actor.java:171)
	at co.com.choucair.certification.reto.tasks.Join.performAs(Join.java:34)
	at co.com.choucair.certification.reto.tasks.Join$ByteBuddy$EI5DEzE0.performAs$accessor$qcd6XLO6(Unknown Source)
	at sun.reflect.NativeMethodAccessorImpl.invoke0(Native Method)
	at sun.reflect.NativeMethodAccessorImpl.invoke(NativeMethodAccessorImpl.java:62)
	at sun.reflect.DelegatingMethodAccessorImpl.invoke(DelegatingMethodAccessorImpl.java:43)
	at java.lang.reflect.Method.invoke(Method.java:498)
	at net.thucydides.core.steps.StepInterceptor.invokeMethod(StepInterceptor.java:471)
	at net.thucydides.core.steps.StepInterceptor.executeTestStepMethod(StepInterceptor.java:451)
	at net.thucydides.core.steps.StepInterceptor.runTestStep(StepInterceptor.java:424)
	at net.thucydides.core.steps.StepInterceptor.runOrSkipMethod(StepInterceptor.java:180)
	at net.thucydides.core.steps.StepInterceptor.testStepResult(StepInterceptor.java:167)
	at net.thucydides.core.steps.StepInterceptor.intercept(StepInterceptor.java:75)
	at co.com.choucair.certification.reto.tasks.Join$ByteBuddy$EI5DEzE0.performAs(Unknown Source)
	at net.serenitybdd.screenplay.Actor.performTask(Actor.java:233)
	at net.serenitybdd.screenplay.Actor.perform(Actor.java:214)
	at net.serenitybdd.screenplay.Actor.attemptsTo(Actor.java:171)
	at co.com.choucair.certification.reto.stepdefinitions.StepDefinitions.heRegisterYourPersonalInformationAtTheUTest(StepDefinitions.java:30)
	at sun.reflect.NativeMethodAccessorImpl.invoke0(Native Method)
	at sun.reflect.NativeMethodAccessorImpl.invoke(NativeMethodAccessorImpl.java:62)
	at sun.reflect.DelegatingMethodAccessorImpl.invoke(DelegatingMethodAccessorImpl.java:43)
	at java.lang.reflect.Method.invoke(Method.java:498)
	at cucumber.runtime.Utils$1.call(Utils.java:31)
	at cucumber.runtime.Timeout.timeout(Timeout.java:16)
	at cucumber.runtime.Utils.invoke(Utils.java:25)
	at cucumber.runtime.java.JavaStepDefinition.execute(JavaStepDefinition.java:37)
	at cucumber.runtime.StepDefinitionMatch.runStep(StepDefinitionMatch.java:40)
	at cucumber.api.TestStep.executeStep(TestStep.java:102)
	at cucumber.api.TestStep.run(TestStep.java:83)
	at cucumber.api.TestCase.run(TestCase.java:58)
	at cucumber.runner.Runner.runPickle(Runner.java:80)
	at cucumber.runtime.junit.PickleRunners$NoStepDescriptions.run(PickleRunners.java:140)
	at cucumber.runtime.junit.FeatureRunner.runChild(FeatureRunner.java:68)
	at cucumber.runtime.junit.FeatureRunner.runChild(FeatureRunner.java:23)
	at org.junit.runners.ParentRunner$3.run(ParentRunner.java:290)
	at org.junit.runners.ParentRunner$1.schedule(ParentRunner.java:71)
	at org.junit.runners.ParentRunner.runChildren(ParentRunner.java:288)
	at org.junit.runners.ParentRunner.access$000(ParentRunner.java:58)
	at org.junit.runners.ParentRunner$2.evaluate(ParentRunner.java:268)
	at org.junit.runners.ParentRunner.run(ParentRunner.java:363)
	at cucumber.runtime.junit.FeatureRunner.run(FeatureRunner.java:73)
	at cucumber.api.junit.Cucumber.runChild(Cucumber.java:118)
	at cucumber.api.junit.Cucumber.runChild(Cucumber.java:56)
	at org.junit.runners.ParentRunner$3.run(ParentRunner.java:290)
	at org.junit.runners.ParentRunner$1.schedule(ParentRunner.java:71)
	at org.junit.runners.ParentRunner.runChildren(ParentRunner.java:288)
	at org.junit.runners.ParentRunner.access$000(ParentRunner.java:58)
	at org.junit.runners.ParentRunner$2.evaluate(ParentRunner.java:268)
	at cucumber.api.junit.Cucumber$1.evaluate(Cucumber.java:127)
	at org.junit.runners.ParentRunner.run(ParentRunner.java:363)
	at org.gradle.api.internal.tasks.testing.junit.JUnitTestClassExecutor.runTestClass(JUnitTestClassExecutor.java:110)
	at org.gradle.api.internal.tasks.testing.junit.JUnitTestClassExecutor.execute(JUnitTestClassExecutor.java:58)
	at org.gradle.api.internal.tasks.testing.junit.JUnitTestClassExecutor.execute(JUnitTestClassExecutor.java:38)
	at org.gradle.api.internal.tasks.testing.junit.AbstractJUnitTestClassProcessor.processTestClass(AbstractJUnitTestClassProcessor.java:62)
	at org.gradle.api.internal.tasks.testing.SuiteTestClassProcessor.processTestClass(SuiteTestClassProcessor.java:51)
	at sun.reflect.NativeMethodAccessorImpl.invoke0(Native Method)
	at sun.reflect.NativeMethodAccessorImpl.invoke(NativeMethodAccessorImpl.java:62)
	at sun.reflect.DelegatingMethodAccessorImpl.invoke(DelegatingMethodAccessorImpl.java:43)
	at java.lang.reflect.Method.invoke(Method.java:498)
	at org.gradle.internal.dispatch.ReflectionDispatch.dispatch(ReflectionDispatch.java:35)
	at org.gradle.internal.dispatch.ReflectionDispatch.dispatch(ReflectionDispatch.java:24)
	at org.gradle.internal.dispatch.ContextClassLoaderDispatch.dispatch(ContextClassLoaderDispatch.java:32)
	at org.gradle.internal.dispatch.ProxyDispatchAdapter$DispatchingInvocationHandler.invoke(ProxyDispatchAdapter.java:93)
	at com.sun.proxy.$Proxy2.processTestClass(Unknown Source)
	at org.gradle.api.internal.tasks.testing.worker.TestWorker.processTestClass(TestWorker.java:118)
	at sun.reflect.NativeMethodAccessorImpl.invoke0(Native Method)
	at sun.reflect.NativeMethodAccessorImpl.invoke(NativeMethodAccessorImpl.java:62)
	at sun.reflect.DelegatingMethodAccessorImpl.invoke(DelegatingMethodAccessorImpl.java:43)
	at java.lang.reflect.Method.invoke(Method.java:498)
	at org.gradle.internal.dispatch.ReflectionDispatch.dispatch(ReflectionDispatch.java:35)
	at org.gradle.internal.dispatch.ReflectionDispatch.dispatch(ReflectionDispatch.java:24)
	at org.gradle.internal.remote.internal.hub.MessageHubBackedObjectConnection$DispatchWrapper.dispatch(MessageHubBackedObjectConnection.java:175)
	at org.gradle.internal.remote.internal.hub.MessageHubBackedObjectConnection$DispatchWrapper.dispatch(MessageHubBackedObjectConnection.java:157)
	at org.gradle.internal.remote.internal.hub.MessageHub$Handler.run(MessageHub.java:404)
	at org.gradle.internal.concurrent.ExecutorPolicy$CatchAndRecordFailures.onExecute(ExecutorPolicy.java:63)
	at org.gradle.internal.concurrent.ManagedExecutorImpl$1.run(ManagedExecutorImpl.java:46)
	at java.util.concurrent.ThreadPoolExecutor.runWorker(ThreadPoolExecutor.java:1149)
	at java.util.concurrent.ThreadPoolExecutor$Worker.run(ThreadPoolExecutor.java:624)
	at org.gradle.internal.concurrent.ThreadFactoryImpl$ManagedThreadRunnable.run(ThreadFactoryImpl.java:55)
	at java.lang.Thread.run(Thread.java:748)
Caused by: org.openqa.selenium.InvalidSelectorException: invalid selector: Unable to locate an element with the xpath expression //h1[contains(text(),'Welcome to the world's largest community of freelance software testers!')] because of the following error:
SyntaxError: Failed to execute 'evaluate' on 'Document': The string '//h1[contains(text(),'Welcome to the world's largest community of freelance software testers!')]' is not a valid XPath expression.
  (Session info: chrome=88.0.4324.182)
For documentation on this error, please visit: https://www.seleniumhq.org/exceptions/invalid_selector_exception.html
Build info: version: '3.141.59', revision: 'e82be7d358', time: '2018-11-14T08:17:03'
System info: host: 'DESKTOP-JF9POI3', ip: '192.168.0.13', os.name: 'Windows 10', os.arch: 'amd64', os.version: '10.0', java.version: '1.8.0_241'
Driver info: org.openqa.selenium.chrome.ChromeDriver
Capabilities {acceptInsecureCerts: false, browserName: chrome, browserVersion: 88.0.4324.182, chrome: {chromedriverVersion: 88.0.4324.96 (68dba2d8a0b14..., userDataDir: C:\Users\ROCO~1\AppData\Loc...}, goog:chromeOptions: {debuggerAddress: localhost:53733}, javascriptEnabled: true, networkConnectionEnabled: false, pageLoadStrategy: normal, platform: WINDOWS, platformName: WINDOWS, proxy: Proxy(), setWindowRect: true, strictFileInteractability: false, timeouts: {implicit: 0, pageLoad: 300000, script: 30000}, unhandledPromptBehavior: dismiss and notify, webauthn:extension:largeBlob: true, webauthn:virtualAuthenticators: true}
Session ID: 7094acaab79a284fd6a532a0e75050c2
*** Element info: {Using=xpath, value=//h1[contains(text(),'Welcome to the world's largest community of freelance software testers!')]}
	at sun.reflect.GeneratedConstructorAccessor18.newInstance(Unknown Source)
	at sun.reflect.DelegatingConstructorAccessorImpl.newInstance(DelegatingConstructorAccessorImpl.java:45)
	at java.lang.reflect.Constructor.newInstance(Constructor.java:423)
	at org.openqa.selenium.remote.http.W3CHttpResponseCodec.createException(W3CHttpResponseCodec.java:187)
	at org.openqa.selenium.remote.http.W3CHttpResponseCodec.decode(W3CHttpResponseCodec.java:122)
	at org.openqa.selenium.remote.http.W3CHttpResponseCodec.decode(W3CHttpResponseCodec.java:49)
	at org.openqa.selenium.remote.HttpCommandExecutor.execute(HttpCommandExecutor.java:158)
	at org.openqa.selenium.remote.service.DriverCommandExecutor.execute(DriverCommandExecutor.java:83)
	at org.openqa.selenium.remote.RemoteWebDriver.execute(RemoteWebDriver.java:552)
	at org.openqa.selenium.remote.RemoteWebDriver.findElement(RemoteWebDriver.java:323)
	at org.openqa.selenium.remote.RemoteWebDriver.findElementByXPath(RemoteWebDriver.java:428)
	at org.openqa.selenium.By$ByXPath.findElement(By.java:353)
	at org.openqa.selenium.remote.RemoteWebDriver.findElement(RemoteWebDriver.java:315)
	at net.thucydides.core.webdriver.WebDriverFacade.findElement(WebDriverFacade.java:222)
	at net.serenitybdd.core.pages.WebElementResolverByLocator.resolveForDriver(WebElementResolverByLocator.java:18)
	at net.serenitybdd.core.pages.WebElementFacadeImpl.getElement(WebElementFacadeImpl.java:221)
	at net.serenitybdd.core.pages.WebElementExpectations$3.apply(WebElementExpectations.java:63)
	at net.serenitybdd.core.pages.WebElementExpectations$3.apply(WebElementExpectations.java:55)
	at org.openqa.selenium.support.ui.FluentWait.until(FluentWait.java:249)
	... 98 more
</failure>
  </testcase>
  <system-out><![CDATA[]]></system-out>
  <system-err><![CDATA[[Test worker] WARN net.thucydides.core.steps.BaseStepListener - stepStarted: net.thucydides.core.steps.ExecutedStepDescription@198a5032
[Test worker] WARN net.thucydides.core.steps.BaseStepListener - stepStarted: net.thucydides.core.steps.ExecutedStepDescription@6da9543c
[Test worker] WARN net.thucydides.core.steps.BaseStepListener - stepStarted: net.thucydides.core.steps.ExecutedStepDescription@472bc51f
feb 23, 2021 12:31:50 PM org.openqa.selenium.remote.DesiredCapabilities chrome
INFORMACIÓN: Using `new ChromeOptions()` is preferred to `DesiredCapabilities.chrome()`
[Test worker] INFO net.serenitybdd.core.webdriver.driverproviders.ProvideNewDriver - Instantiating driver
[Test worker] INFO net.serenitybdd.core.webdriver.driverproviders.ProvideNewDriver - Driver capabilities: Capabilities {acceptInsecureCerts: false, browserName: chrome, chrome.switches: --start-maximized, goog:chromeOptions: {args: [--start-maximized], extensions: []}, loggingPrefs: org.openqa.selenium.logging..., platform: ANY, version: }
Starting ChromeDriver 88.0.4324.96 (68dba2d8a0b149a1d3afac56fa74648032bcf46b-refs/branch-heads/4324@{#1784}) on port 6340
Only local connections are allowed.
Please see https://chromedriver.chromium.org/security-considerations for suggestions on keeping ChromeDriver safe.
ChromeDriver was started successfully.
feb 23, 2021 12:31:55 PM org.openqa.selenium.remote.ProtocolHandshake createSession
INFORMACIÓN: Detected dialect: W3C
[Test worker] WARN net.thucydides.core.steps.BaseStepListener - stepFinished: current outcome:Create a new user:Given than John want to created a new user at the uTest [Brandon open up [Brandon opens the U test page]]
[Test worker] WARN net.thucydides.core.steps.BaseStepListener - stepFinished: current outcome:Create a new user:Given than John want to created a new user at the uTest [Brandon open up [Brandon opens the U test page]]
[Test worker] WARN net.thucydides.core.steps.BaseStepListener - stepFinished: current outcome:Create a new user:Given than John want to created a new user at the uTest [Brandon open up [Brandon opens the U test page]]
[Test worker] WARN net.thucydides.core.steps.BaseStepListener - stepStarted: net.thucydides.core.steps.ExecutedStepDescription@126d9d4
[Test worker] WARN net.thucydides.core.steps.BaseStepListener - stepStarted: net.thucydides.core.steps.ExecutedStepDescription@44f2f5ef
[Test worker] WARN net.thucydides.core.steps.BaseStepListener - stepStarted: net.thucydides.core.steps.ExecutedStepDescription@202a5c4a
[Test worker] WARN net.thucydides.core.steps.BaseStepListener - stepFinished: current outcome:Create a new user:Given than John want to created a new user at the uTest [Brandon open up [Brandon opens the U test page]], When he register your personal information at the uTest
| strFirstName | strLastName | strEmail | strPassword | strConfPassword |
| John | Cifuentes | jcifuentes23@gmail.com | -Test2021.* | -Test2021.* | [Brandon join [Brandon clicks on button that show the form information]]
[Test worker] WARN net.thucydides.core.steps.BaseStepListener - stepStarted: net.thucydides.core.steps.ExecutedStepDescription@35114008
[Test worker] WARN net.thucydides.core.steps.BaseStepListener - stepFinished: current outcome:Create a new user:Given than John want to created a new user at the uTest [Brandon open up [Brandon opens the U test page]], When he register your personal information at the uTest
| strFirstName | strLastName | strEmail | strPassword | strConfPassword |
| John | Cifuentes | jcifuentes23@gmail.com | -Test2021.* | -Test2021.* | [Brandon join [Brandon clicks on button that show the form information, Brandon enters 'John' into input firtsname the new user]]
[Test worker] WARN net.thucydides.core.steps.BaseStepListener - stepStarted: net.thucydides.core.steps.ExecutedStepDescription@7f370f62
[Test worker] WARN net.thucydides.core.steps.BaseStepListener - stepFinished: current outcome:Create a new user:Given than John want to created a new user at the uTest [Brandon open up [Brandon opens the U test page]], When he register your personal information at the uTest
| strFirstName | strLastName | strEmail | strPassword | strConfPassword |
| John | Cifuentes | jcifuentes23@gmail.com | -Test2021.* | -Test2021.* | [Brandon join [Brandon clicks on button that show the form information, Brandon enters 'John' into input firtsname the new user, Brandon enters 'Cifuentes' into input lastname the new user]]
[Test worker] WARN net.thucydides.core.steps.BaseStepListener - stepStarted: net.thucydides.core.steps.ExecutedStepDescription@344645fd
[Test worker] WARN net.thucydides.core.steps.BaseStepListener - stepFinished: current outcome:Create a new user:Given than John want to created a new user at the uTest [Brandon open up [Brandon opens the U test page]], When he register your personal information at the uTest
| strFirstName | strLastName | strEmail | strPassword | strConfPassword |
| John | Cifuentes | jcifuentes23@gmail.com | -Test2021.* | -Test2021.* | [Brandon join [Brandon clicks on button that show the form information, Brandon enters 'John' into input firtsname the new user, Brandon enters 'Cifuentes' into input lastname the new user, Brandon enters 'jcifuentes23@gmail.com' into input email the new user]]
[Test worker] WARN net.thucydides.core.steps.BaseStepListener - stepStarted: net.thucydides.core.steps.ExecutedStepDescription@17f8e780
[Test worker] WARN net.thucydides.core.steps.BaseStepListener - stepFinished: current outcome:Create a new user:Given than John want to created a new user at the uTest [Brandon open up [Brandon opens the U test page]], When he register your personal information at the uTest
| strFirstName | strLastName | strEmail | strPassword | strConfPassword |
| John | Cifuentes | jcifuentes23@gmail.com | -Test2021.* | -Test2021.* | [Brandon join [Brandon clicks on button that show the form information, Brandon enters 'John' into input firtsname the new user, Brandon enters 'Cifuentes' into input lastname the new user, Brandon enters 'jcifuentes23@gmail.com' into input email the new user, Brandon clicks on input birth month the new user]]
[Test worker] WARN net.thucydides.core.steps.BaseStepListener - stepStarted: net.thucydides.core.steps.ExecutedStepDescription@32eb30ad
[Test worker] WARN net.thucydides.core.steps.BaseStepListener - stepFinished: current outcome:Create a new user:Given than John want to created a new user at the uTest [Brandon open up [Brandon opens the U test page]], When he register your personal information at the uTest
| strFirstName | strLastName | strEmail | strPassword | strConfPassword |
| John | Cifuentes | jcifuentes23@gmail.com | -Test2021.* | -Test2021.* | [Brandon join [Brandon clicks on button that show the form information, Brandon enters 'John' into input firtsname the new user, Brandon enters 'Cifuentes' into input lastname the new user, Brandon enters 'jcifuentes23@gmail.com' into input email the new user, Brandon clicks on input birth month the new user, Brandon clicks on input birth month the new user]]
[Test worker] WARN net.thucydides.core.steps.BaseStepListener - stepStarted: net.thucydides.core.steps.ExecutedStepDescription@12b7b602
[Test worker] WARN net.thucydides.core.steps.BaseStepListener - stepFinished: current outcome:Create a new user:Given than John want to created a new user at the uTest [Brandon open up [Brandon opens the U test page]], When he register your personal information at the uTest
| strFirstName | strLastName | strEmail | strPassword | strConfPassword |
| John | Cifuentes | jcifuentes23@gmail.com | -Test2021.* | -Test2021.* | [Brandon join [Brandon clicks on button that show the form information, Brandon enters 'John' into input firtsname the new user, Brandon enters 'Cifuentes' into input lastname the new user, Brandon enters 'jcifuentes23@gmail.com' into input email the new user, Brandon clicks on input birth month the new user, Brandon clicks on input birth month the new user, Brandon clicks on input birth day the new user]]
[Test worker] WARN net.thucydides.core.steps.BaseStepListener - stepStarted: net.thucydides.core.steps.ExecutedStepDescription@5e15655e
[Test worker] WARN net.thucydides.core.steps.BaseStepListener - stepFinished: current outcome:Create a new user:Given than John want to created a new user at the uTest [Brandon open up [Brandon opens the U test page]], When he register your personal information at the uTest
| strFirstName | strLastName | strEmail | strPassword | strConfPassword |
| John | Cifuentes | jcifuentes23@gmail.com | -Test2021.* | -Test2021.* | [Brandon join [Brandon clicks on button that show the form information, Brandon enters 'John' into input firtsname the new user, Brandon enters 'Cifuentes' into input lastname the new user, Brandon enters 'jcifuentes23@gmail.com' into input email the new user, Brandon clicks on input birth month the new user, Brandon clicks on input birth month the new user, Brandon clicks on input birth day the new user, Brandon clicks on input birth day the new user]]
[Test worker] WARN net.thucydides.core.steps.BaseStepListener - stepStarted: net.thucydides.core.steps.ExecutedStepDescription@7895869e
[Test worker] WARN net.thucydides.core.steps.BaseStepListener - stepFinished: current outcome:Create a new user:Given than John want to created a new user at the uTest [Brandon open up [Brandon opens the U test page]], When he register your personal information at the uTest
| strFirstName | strLastName | strEmail | strPassword | strConfPassword |
| John | Cifuentes | jcifuentes23@gmail.com | -Test2021.* | -Test2021.* | [Brandon join [Brandon clicks on button that show the form information, Brandon enters 'John' into input firtsname the new user, Brandon enters 'Cifuentes' into input lastname the new user, Brandon enters 'jcifuentes23@gmail.com' into input email the new user, Brandon clicks on input birth month the new user, Brandon clicks on input birth month the new user, Brandon clicks on input birth day the new user, Brandon clicks on input birth day the new user, Brandon clicks on select birth year]]
[Test worker] WARN net.thucydides.core.steps.BaseStepListener - stepStarted: net.thucydides.core.steps.ExecutedStepDescription@4c767eaa
[Test worker] WARN net.thucydides.core.steps.BaseStepListener - stepFinished: current outcome:Create a new user:Given than John want to created a new user at the uTest [Brandon open up [Brandon opens the U test page]], When he register your personal information at the uTest
| strFirstName | strLastName | strEmail | strPassword | strConfPassword |
| John | Cifuentes | jcifuentes23@gmail.com | -Test2021.* | -Test2021.* | [Brandon join [Brandon clicks on button that show the form information, Brandon enters 'John' into input firtsname the new user, Brandon enters 'Cifuentes' into input lastname the new user, Brandon enters 'jcifuentes23@gmail.com' into input email the new user, Brandon clicks on input birth month the new user, Brandon clicks on input birth month the new user, Brandon clicks on input birth day the new user, Brandon clicks on input birth day the new user, Brandon clicks on select birth year, Brandon clicks on Select year]]
[Test worker] WARN net.thucydides.core.steps.BaseStepListener - stepStarted: net.thucydides.core.steps.ExecutedStepDescription@64b3edbe
[Test worker] WARN net.thucydides.core.steps.BaseStepListener - stepFinished: current outcome:Create a new user:Given than John want to created a new user at the uTest [Brandon open up [Brandon opens the U test page]], When he register your personal information at the uTest
| strFirstName | strLastName | strEmail | strPassword | strConfPassword |
| John | Cifuentes | jcifuentes23@gmail.com | -Test2021.* | -Test2021.* | [Brandon join [Brandon clicks on button that show the form information, Brandon enters 'John' into input firtsname the new user, Brandon enters 'Cifuentes' into input lastname the new user, Brandon enters 'jcifuentes23@gmail.com' into input email the new user, Brandon clicks on input birth month the new user, Brandon clicks on input birth month the new user, Brandon clicks on input birth day the new user, Brandon clicks on input birth day the new user, Brandon clicks on select birth year, Brandon clicks on Select year, Brandon clicks on button that show the form location]]
[Test worker] WARN net.thucydides.core.steps.BaseStepListener - stepStarted: net.thucydides.core.steps.ExecutedStepDescription@183d4c69
[Test worker] WARN net.thucydides.core.steps.BaseStepListener - stepFinished: current outcome:Create a new user:Given than John want to created a new user at the uTest [Brandon open up [Brandon opens the U test page]], When he register your personal information at the uTest
| strFirstName | strLastName | strEmail | strPassword | strConfPassword |
| John | Cifuentes | jcifuentes23@gmail.com | -Test2021.* | -Test2021.* | [Brandon join [Brandon clicks on button that show the form information, Brandon enters 'John' into input firtsname the new user, Brandon enters 'Cifuentes' into input lastname the new user, Brandon enters 'jcifuentes23@gmail.com' into input email the new user, Brandon clicks on input birth month the new user, Brandon clicks on input birth month the new user, Brandon clicks on input birth day the new user, Brandon clicks on input birth day the new user, Brandon clicks on select birth year, Brandon clicks on Select year, Brandon clicks on button that show the form location, Brandon clicks on button that show the form devices]]
[Test worker] WARN net.thucydides.core.steps.BaseStepListener - stepStarted: net.thucydides.core.steps.ExecutedStepDescription@67f42d88
[Test worker] WARN net.thucydides.core.steps.BaseStepListener - stepFinished: current outcome:Create a new user:Given than John want to created a new user at the uTest [Brandon open up [Brandon opens the U test page]], When he register your personal information at the uTest
| strFirstName | strLastName | strEmail | strPassword | strConfPassword |
| John | Cifuentes | jcifuentes23@gmail.com | -Test2021.* | -Test2021.* | [Brandon join [Brandon clicks on button that show the form information, Brandon enters 'John' into input firtsname the new user, Brandon enters 'Cifuentes' into input lastname the new user, Brandon enters 'jcifuentes23@gmail.com' into input email the new user, Brandon clicks on input birth month the new user, Brandon clicks on input birth month the new user, Brandon clicks on input birth day the new user, Brandon clicks on input birth day the new user, Brandon clicks on select birth year, Brandon clicks on Select year, Brandon clicks on button that show the form location, Brandon clicks on button that show the form devices, Brandon clicks on button that show the last form]]
[Test worker] WARN net.thucydides.core.steps.BaseStepListener - stepStarted: net.thucydides.core.steps.ExecutedStepDescription@881ab46
[Test worker] WARN net.thucydides.core.steps.BaseStepListener - stepFinished: current outcome:Create a new user:Given than John want to created a new user at the uTest [Brandon open up [Brandon opens the U test page]], When he register your personal information at the uTest
| strFirstName | strLastName | strEmail | strPassword | strConfPassword |
| John | Cifuentes | jcifuentes23@gmail.com | -Test2021.* | -Test2021.* | [Brandon join [Brandon clicks on button that show the form information, Brandon enters 'John' into input firtsname the new user, Brandon enters 'Cifuentes' into input lastname the new user, Brandon enters 'jcifuentes23@gmail.com' into input email the new user, Brandon clicks on input birth month the new user, Brandon clicks on input birth month the new user, Brandon clicks on input birth day the new user, Brandon clicks on input birth day the new user, Brandon clicks on select birth year, Brandon clicks on Select year, Brandon clicks on button that show the form location, Brandon clicks on button that show the form devices, Brandon clicks on button that show the last form, Brandon enters '-Test2021.*' into Input password]]
[Test worker] WARN net.thucydides.core.steps.BaseStepListener - stepStarted: net.thucydides.core.steps.ExecutedStepDescription@5b0e0171
[Test worker] WARN net.thucydides.core.steps.BaseStepListener - stepFinished: current outcome:Create a new user:Given than John want to created a new user at the uTest [Brandon open up [Brandon opens the U test page]], When he register your personal information at the uTest
| strFirstName | strLastName | strEmail | strPassword | strConfPassword |
| John | Cifuentes | jcifuentes23@gmail.com | -Test2021.* | -Test2021.* | [Brandon join [Brandon clicks on button that show the form information, Brandon enters 'John' into input firtsname the new user, Brandon enters 'Cifuentes' into input lastname the new user, Brandon enters 'jcifuentes23@gmail.com' into input email the new user, Brandon clicks on input birth month the new user, Brandon clicks on input birth month the new user, Brandon clicks on input birth day the new user, Brandon clicks on input birth day the new user, Brandon clicks on select birth year, Brandon clicks on Select year, Brandon clicks on button that show the form location, Brandon clicks on button that show the form devices, Brandon clicks on button that show the last form, Brandon enters '-Test2021.*' into Input password, Brandon enters '-Test2021.*' into Input confirm password]]
[Test worker] WARN net.thucydides.core.steps.BaseStepListener - stepStarted: net.thucydides.core.steps.ExecutedStepDescription@7ffa2de4
[Test worker] WARN net.thucydides.core.steps.BaseStepListener - stepFinished: current outcome:Create a new user:Given than John want to created a new user at the uTest [Brandon open up [Brandon opens the U test page]], When he register your personal information at the uTest
| strFirstName | strLastName | strEmail | strPassword | strConfPassword |
| John | Cifuentes | jcifuentes23@gmail.com | -Test2021.* | -Test2021.* | [Brandon join [Brandon clicks on button that show the form information, Brandon enters 'John' into input firtsname the new user, Brandon enters 'Cifuentes' into input lastname the new user, Brandon enters 'jcifuentes23@gmail.com' into input email the new user, Brandon clicks on input birth month the new user, Brandon clicks on input birth month the new user, Brandon clicks on input birth day the new user, Brandon clicks on input birth day the new user, Brandon clicks on select birth year, Brandon clicks on Select year, Brandon clicks on button that show the form location, Brandon clicks on button that show the form devices, Brandon clicks on button that show the last form, Brandon enters '-Test2021.*' into Input password, Brandon enters '-Test2021.*' into Input confirm password, Brandon clicks on read and accept the uTest Terms of Use and uTest Code of Conduct ]]
[Test worker] WARN net.thucydides.core.steps.BaseStepListener - stepStarted: net.thucydides.core.steps.ExecutedStepDescription@cae368c
[Test worker] WARN net.thucydides.core.steps.BaseStepListener - stepFinished: current outcome:Create a new user:Given than John want to created a new user at the uTest [Brandon open up [Brandon opens the U test page]], When he register your personal information at the uTest
| strFirstName | strLastName | strEmail | strPassword | strConfPassword |
| John | Cifuentes | jcifuentes23@gmail.com | -Test2021.* | -Test2021.* | [Brandon join [Brandon clicks on button that show the form information, Brandon enters 'John' into input firtsname the new user, Brandon enters 'Cifuentes' into input lastname the new user, Brandon enters 'jcifuentes23@gmail.com' into input email the new user, Brandon clicks on input birth month the new user, Brandon clicks on input birth month the new user, Brandon clicks on input birth day the new user, Brandon clicks on input birth day the new user, Brandon clicks on select birth year, Brandon clicks on Select year, Brandon clicks on button that show the form location, Brandon clicks on button that show the form devices, Brandon clicks on button that show the last form, Brandon enters '-Test2021.*' into Input password, Brandon enters '-Test2021.*' into Input confirm password, Brandon clicks on read and accept the uTest Terms of Use and uTest Code of Conduct , Brandon clicks on read and accept the Privacy & Security Policy ]]
[Test worker] WARN net.thucydides.core.steps.BaseStepListener - stepStarted: net.thucydides.core.steps.ExecutedStepDescription@7eac045d
[Test worker] WARN net.thucydides.core.steps.BaseStepListener - stepFinished: current outcome:Create a new user:Given than John want to created a new user at the uTest [Brandon open up [Brandon opens the U test page]], When he register your personal information at the uTest
| strFirstName | strLastName | strEmail | strPassword | strConfPassword |
| John | Cifuentes | jcifuentes23@gmail.com | -Test2021.* | -Test2021.* | [Brandon join [Brandon clicks on button that show the form information, Brandon enters 'John' into input firtsname the new user, Brandon enters 'Cifuentes' into input lastname the new user, Brandon enters 'jcifuentes23@gmail.com' into input email the new user, Brandon clicks on input birth month the new user, Brandon clicks on input birth month the new user, Brandon clicks on input birth day the new user, Brandon clicks on input birth day the new user, Brandon clicks on select birth year, Brandon clicks on Select year, Brandon clicks on button that show the form location, Brandon clicks on button that show the form devices, Brandon clicks on button that show the last form, Brandon enters '-Test2021.*' into Input password, Brandon enters '-Test2021.*' into Input confirm password, Brandon clicks on read and accept the uTest Terms of Use and uTest Code of Conduct , Brandon clicks on read and accept the Privacy & Security Policy , Brandon clicks on finish register]]
[Test worker] WARN net.thucydides.core.steps.BaseStepListener - stepStarted: net.thucydides.core.steps.ExecutedStepDescription@59ef3233
[Test worker] WARN net.thucydides.core.steps.BaseStepListener - stepStarted: net.thucydides.core.steps.ExecutedStepDescription@72f4f8fb
[Test worker] WARN net.thucydides.core.steps.BaseStepListener - testFinished: Create a new user:Given than John want to created a new user at the uTest [Brandon open up [Brandon opens the U test page]], When he register your personal information at the uTest
| strFirstName | strLastName | strEmail | strPassword | strConfPassword |
| John | Cifuentes | jcifuentes23@gmail.com | -Test2021.* | -Test2021.* | [Brandon join [Brandon clicks on button that show the form information, Brandon enters 'John' into input firtsname the new user, Brandon enters 'Cifuentes' into input lastname the new user, Brandon enters 'jcifuentes23@gmail.com' into input email the new user, Brandon clicks on input birth month the new user, Brandon clicks on input birth month the new user, Brandon clicks on input birth day the new user, Brandon clicks on input birth day the new user, Brandon clicks on select birth year, Brandon clicks on Select year, Brandon clicks on button that show the form location, Brandon clicks on button that show the form devices, Brandon clicks on button that show the last form, Brandon enters '-Test2021.*' into Input password, Brandon enters '-Test2021.*' into Input confirm password, Brandon clicks on read and accept the uTest Terms of Use and uTest Code of Conduct , Brandon clicks on read and accept the Privacy & Security Policy , Brandon clicks on finish register, Brandon clicks on Welcome message]], Then he is welcome at the platform uTest
| strWelcomeMess |
| Welcome to the world's largest community of freelance software testers! |
[Test worker] WARN net.thucydides.core.steps.BaseStepListener - TestOutcomes: [Create a new user:Given than John want to created a new user at the uTest [Brandon open up [Brandon opens the U test page]], When he register your personal information at the uTest
| strFirstName | strLastName | strEmail | strPassword | strConfPassword |
| John | Cifuentes | jcifuentes23@gmail.com | -Test2021.* | -Test2021.* | [Brandon join [Brandon clicks on button that show the form information, Brandon enters 'John' into input firtsname the new user, Brandon enters 'Cifuentes' into input lastname the new user, Brandon enters 'jcifuentes23@gmail.com' into input email the new user, Brandon clicks on input birth month the new user, Brandon clicks on input birth month the new user, Brandon clicks on input birth day the new user, Brandon clicks on input birth day the new user, Brandon clicks on select birth year, Brandon clicks on Select year, Brandon clicks on button that show the form location, Brandon clicks on button that show the form devices, Brandon clicks on button that show the last form, Brandon enters '-Test2021.*' into Input password, Brandon enters '-Test2021.*' into Input confirm password, Brandon clicks on read and accept the uTest Terms of Use and uTest Code of Conduct , Brandon clicks on read and accept the Privacy & Security Policy , Brandon clicks on finish register, Brandon clicks on Welcome message]], Then he is welcome at the platform uTest
| strWelcomeMess |
| Welcome to the world's largest community of freelance software testers! |]
[Test worker] WARN net.thucydides.core.steps.BaseStepListener - Final testOutcomes: [Create a new user:Given than John want to created a new user at the uTest [Brandon open up [Brandon opens the U test page]], When he register your personal information at the uTest
| strFirstName | strLastName | strEmail | strPassword | strConfPassword |
| John | Cifuentes | jcifuentes23@gmail.com | -Test2021.* | -Test2021.* | [Brandon join [Brandon clicks on button that show the form information, Brandon enters 'John' into input firtsname the new user, Brandon enters 'Cifuentes' into input lastname the new user, Brandon enters 'jcifuentes23@gmail.com' into input email the new user, Brandon clicks on input birth month the new user, Brandon clicks on input birth month the new user, Brandon clicks on input birth day the new user, Brandon clicks on input birth day the new user, Brandon clicks on select birth year, Brandon clicks on Select year, Brandon clicks on button that show the form location, Brandon clicks on button that show the form devices, Brandon clicks on button that show the last form, Brandon enters '-Test2021.*' into Input password, Brandon enters '-Test2021.*' into Input confirm password, Brandon clicks on read and accept the uTest Terms of Use and uTest Code of Conduct , Brandon clicks on read and accept the Privacy & Security Policy , Brandon clicks on finish register, Brandon clicks on Welcome message]], Then he is welcome at the platform uTest
| strWelcomeMess |
| Welcome to the world's largest community of freelance software testers! |]
[Test worker] ERROR net.thucydides.core.steps.ConsoleLoggingListener - 
           __  _____ _____ ____ _____   _____ _    ___ _     _____ ____  
  _       / / |_   _| ____/ ___|_   _| |  ___/ \  |_ _| |   | ____|  _ \ 
 (_)_____| |    | | |  _| \___ \ | |   | |_ / _ \  | || |   |  _| | | | |
  _|_____| |    | | | |___ ___) || |   |  _/ ___ \ | || |___| |___| |_| |
 (_)     | |    |_| |_____|____/ |_|   |_|/_/   \_\___|_____|_____|____/ 
          \_\                                                            

TEST FAILED: Create a new user
--------------------------------------------------------------------------
[Test worker] ERROR net.thucydides.core.steps.ConsoleLoggingListener - TEST FAILED AT STEP Brandon clicks on Welcome message
[Test worker] ERROR net.thucydides.core.steps.ConsoleLoggingListener - Expected enabled element was not enabled
]]></system-err>
</testsuite>
